<?xml version="1.0" encoding="UTF-8"?>
<!-- Generated by org.testng.reporters.JUnitReportReporter -->
<testsuite skipped="0" hostname="DESKTOP-AL2CIG6" name="PracticeProject.HomePage" tests="1" failures="0" timestamp="08 Apr 2021 11:07:55 GMT" time="16.106" errors="0">
  <testcase name="basePageNavigation" time="16.106" classname="PracticeProject.HomePage"/>
</testsuite> <!-- PracticeProject.HomePage -->
