<?xml version="1.0" encoding="UTF-8"?>
<!-- Generated by org.testng.reporters.JUnitReportReporter -->
<testsuite skipped="0" hostname="DESKTOP-AL2CIG6" name="PracticeProject.HomePage" tests="2" failures="0" timestamp="08 Apr 2021 12:47:21 GMT" time="27.616" errors="0">
  <testcase name="basePageNavigation" time="13.411" classname="PracticeProject.HomePage"/>
  <testcase name="basePageNavigation" time="14.205" classname="PracticeProject.HomePage"/>
</testsuite> <!-- PracticeProject.HomePage -->
